<?xml version="1.0" encoding="UTF-8"?>
<!-- Generated by org.testng.reporters.JUnitReportReporter -->
<testsuite hostname="DESKTOP-QJ1N43Q" failures="0" tests="1" name="scripts.Testcase1" time="9.360" errors="0" timestamp="2022-07-11T08:40:40 IST" skipped="0">
  <testcase classname="scripts.Testcase1" name="tc1" time="9.360"/>
  <system-out/>
</testsuite> <!-- scripts.Testcase1 -->
